[2025-05-14 09:36:34,609] multiqc                                            [DEBUG  ]  This is MultiQC v1.19
[2025-05-14 09:36:34,609] multiqc                                            [DEBUG  ]  Command used: /home/karthi/miniconda3/bin/multiqc . -o /home/karthi/bioai/Team2_AI_Microbiome_Poultry/objects/
[2025-05-14 09:36:36,408] multiqc                                            [WARNING]  MultiQC Version v1.28 now available!
[2025-05-14 09:36:36,409] multiqc                                            [DEBUG  ]  Working dir : /home/karthi/bioai/fastp
[2025-05-14 09:36:36,409] multiqc                                            [DEBUG  ]  Template    : default
[2025-05-14 09:36:36,409] multiqc                                            [DEBUG  ]  Running Python 3.11.0 | packaged by conda-forge | (main, Jan 14 2023, 12:28:47) [GCC 11.3.0]
[2025-05-14 09:36:36,410] multiqc                                            [DEBUG  ]  Analysing modules: custom_content, ccs, ngsderive, purple, conpair, lima, peddy, somalier, methylQA, mosdepth, phantompeakqualtools, qualimap, preseq, hifiasm, quast, qorts, rna_seqc, rockhopper, rsem, rseqc, busco, bustools, goleft_indexcov, gffcompare, disambiguate, supernova, deeptools, sargasso, verifybamid, mirtrace, happy, mirtop, sambamba, gopeaks, homer, hops, macs2, theta2, snpeff, gatk, htseq, bcftools, featureCounts, fgbio, dragen, dragen_fastqc, dedup, pbmarkdup, damageprofiler, mapdamage, biobambam2, jcvi, mtnucratio, picard, vep, bakta, prokka, qc3C, nanostat, samblaster, samtools, sexdeterrmine, seqera_cli, eigenstratdatabasetools, bamtools, jellyfish, vcftools, longranger, stacks, varscan2, snippy, umitools, truvari, bbmap, bismark, biscuit, diamond, hicexplorer, hicup, hicpro, salmon, kallisto, slamdunk, star, hisat2, tophat, bowtie2, bowtie1, cellranger, snpsplit, odgi, pangolin, nextclade, freyja, humid, kat, leehom, librarian, adapterRemoval, bbduk, clipandmerge, cutadapt, flexbar, sourmash, kaiju, bracken, kraken, malt, motus, trimmomatic, sickle, skewer, sortmerna, biobloomtools, fastq_screen, afterqc, fastp, fastqc, filtlong, prinseqplusplus, pychopper, porechop, pycoqc, minionqc, anglerfish, multivcfanalyzer, clusterflow, checkqc, bcl2fastq, bclconvert, interop, ivar, flash, seqyclean, optitype, whatshap, xenome, xengsort
[2025-05-14 09:36:36,410] multiqc                                            [DEBUG  ]  Using temporary directory for creating report: /tmp/tmpzdqsf702
[2025-05-14 09:36:36,418] multiqc                                            [INFO   ]  Search path : /home/karthi/bioai/fastp
[2025-05-14 09:36:36,452] multiqc                                            [DEBUG  ]  Summary of files that were skipped by the search: [skipped_ignore_pattern: 120] // [skipped_no_match: 120] // [skipped_module_specific_max_filesize: 40]
[2025-05-14 09:36:36,722] multiqc.plots.bargraph                             [DEBUG  ]  Using matplotlib version 3.9.2
[2025-05-14 09:36:36,723] multiqc.plots.linegraph                            [DEBUG  ]  Using matplotlib version 3.9.2
[2025-05-14 09:36:36,724] multiqc                                            [DEBUG  ]  No samples found: custom_content
[2025-05-14 09:36:36,782] multiqc.modules.fastp.fastp                        [INFO   ]  Found 40 reports
[2025-05-14 09:36:36,782] multiqc.modules.fastp.fastp                        [DEBUG  ]  No duplication rate plot data: SRR13891639_1
[2025-05-14 09:36:36,783] multiqc.modules.fastp.fastp                        [DEBUG  ]  No duplication rate plot data: SRR13891664_1
[2025-05-14 09:36:36,783] multiqc.modules.fastp.fastp                        [DEBUG  ]  No duplication rate plot data: SRR13891653_1
[2025-05-14 09:36:36,783] multiqc.modules.fastp.fastp                        [DEBUG  ]  No duplication rate plot data: SRR13891660_1
[2025-05-14 09:36:36,784] multiqc.modules.fastp.fastp                        [DEBUG  ]  No duplication rate plot data: SRR13891648_1
[2025-05-14 09:36:36,784] multiqc.modules.fastp.fastp                        [DEBUG  ]  No duplication rate plot data: SRR13891666_1
[2025-05-14 09:36:36,784] multiqc.modules.fastp.fastp                        [DEBUG  ]  No duplication rate plot data: SRR13891636_1
[2025-05-14 09:36:36,785] multiqc.modules.fastp.fastp                        [DEBUG  ]  No duplication rate plot data: SRR13891628_1
[2025-05-14 09:36:36,785] multiqc.modules.fastp.fastp                        [DEBUG  ]  No duplication rate plot data: SRR13891655_1
[2025-05-14 09:36:36,785] multiqc.modules.fastp.fastp                        [DEBUG  ]  No duplication rate plot data: SRR13891650_1
[2025-05-14 09:36:36,786] multiqc.modules.fastp.fastp                        [DEBUG  ]  No duplication rate plot data: SRR13891657_1
[2025-05-14 09:36:36,786] multiqc.modules.fastp.fastp                        [DEBUG  ]  No duplication rate plot data: SRR13891629_1
[2025-05-14 09:36:36,786] multiqc.modules.fastp.fastp                        [DEBUG  ]  No duplication rate plot data: SRR13891649_1
[2025-05-14 09:36:36,787] multiqc.modules.fastp.fastp                        [DEBUG  ]  No duplication rate plot data: SRR13891651_1
[2025-05-14 09:36:36,787] multiqc.modules.fastp.fastp                        [DEBUG  ]  No duplication rate plot data: SRR13891642_1
[2025-05-14 09:36:36,787] multiqc.modules.fastp.fastp                        [DEBUG  ]  No duplication rate plot data: SRR13891647_1
[2025-05-14 09:36:36,788] multiqc.modules.fastp.fastp                        [DEBUG  ]  No duplication rate plot data: SRR13891659_1
[2025-05-14 09:36:36,788] multiqc.modules.fastp.fastp                        [DEBUG  ]  No duplication rate plot data: SRR13891645_1
[2025-05-14 09:36:36,788] multiqc.modules.fastp.fastp                        [DEBUG  ]  No duplication rate plot data: SRR13891643_1
[2025-05-14 09:36:36,788] multiqc.modules.fastp.fastp                        [DEBUG  ]  No duplication rate plot data: SRR13891661_1
[2025-05-14 09:36:36,789] multiqc.modules.fastp.fastp                        [DEBUG  ]  No duplication rate plot data: SRR13891640_1
[2025-05-14 09:36:36,789] multiqc.modules.fastp.fastp                        [DEBUG  ]  No duplication rate plot data: SRR13891631_1
[2025-05-14 09:36:36,789] multiqc.modules.fastp.fastp                        [DEBUG  ]  No duplication rate plot data: SRR13891656_1
[2025-05-14 09:36:36,790] multiqc.modules.fastp.fastp                        [DEBUG  ]  No duplication rate plot data: SRR13891654_1
[2025-05-14 09:36:36,790] multiqc.modules.fastp.fastp                        [DEBUG  ]  No duplication rate plot data: SRR13891644_1
[2025-05-14 09:36:36,790] multiqc.modules.fastp.fastp                        [DEBUG  ]  No duplication rate plot data: SRR13891633_1
[2025-05-14 09:36:36,791] multiqc.modules.fastp.fastp                        [DEBUG  ]  No duplication rate plot data: SRR13891632_1
[2025-05-14 09:36:36,791] multiqc.modules.fastp.fastp                        [DEBUG  ]  No duplication rate plot data: SRR13891658_1
[2025-05-14 09:36:36,791] multiqc.modules.fastp.fastp                        [DEBUG  ]  No duplication rate plot data: SRR13891646_1
[2025-05-14 09:36:36,792] multiqc.modules.fastp.fastp                        [DEBUG  ]  No duplication rate plot data: SRR13891652_1
[2025-05-14 09:36:36,792] multiqc.modules.fastp.fastp                        [DEBUG  ]  No duplication rate plot data: SRR13891630_1
[2025-05-14 09:36:36,792] multiqc.modules.fastp.fastp                        [DEBUG  ]  No duplication rate plot data: SRR13891662_1
[2025-05-14 09:36:36,793] multiqc.modules.fastp.fastp                        [DEBUG  ]  No duplication rate plot data: SRR13891627_1
[2025-05-14 09:36:36,793] multiqc.modules.fastp.fastp                        [DEBUG  ]  No duplication rate plot data: SRR13891637_1
[2025-05-14 09:36:36,793] multiqc.modules.fastp.fastp                        [DEBUG  ]  No duplication rate plot data: SRR13891634_1
[2025-05-14 09:36:36,794] multiqc.modules.fastp.fastp                        [DEBUG  ]  No duplication rate plot data: SRR13891663_1
[2025-05-14 09:36:36,794] multiqc.modules.fastp.fastp                        [DEBUG  ]  No duplication rate plot data: SRR13891641_1
[2025-05-14 09:36:36,794] multiqc.modules.fastp.fastp                        [DEBUG  ]  No duplication rate plot data: SRR13891635_1
[2025-05-14 09:36:36,795] multiqc.modules.fastp.fastp                        [DEBUG  ]  No duplication rate plot data: SRR13891665_1
[2025-05-14 09:36:36,795] multiqc.modules.fastp.fastp                        [DEBUG  ]  No duplication rate plot data: SRR13891638_1
[2025-05-14 09:36:36,973] multiqc.utils.software_versions                    [DEBUG  ]  Reading software versions from config.software_versions
[2025-05-14 09:36:36,994] multiqc                                            [DEBUG  ]  Compressing plot data
[2025-05-14 09:36:38,318] multiqc                                            [INFO   ]  Existing reports found, adding suffix to filenames. Use '--force' to overwrite.
[2025-05-14 09:36:38,318] multiqc                                            [INFO   ]  Report      : ../Team2_AI_Microbiome_Poultry/objects/multiqc_report_1.html
[2025-05-14 09:36:38,318] multiqc                                            [INFO   ]  Data        : ../Team2_AI_Microbiome_Poultry/objects/multiqc_data_1
[2025-05-14 09:36:38,318] multiqc                                            [DEBUG  ]  Moving data file from '/tmp/tmpzdqsf702/multiqc_data' to '/home/karthi/bioai/Team2_AI_Microbiome_Poultry/objects/multiqc_data_1'
[2025-05-14 09:36:38,339] multiqc                                            [DEBUG  ]  Full report path: /home/karthi/bioai/Team2_AI_Microbiome_Poultry/objects/multiqc_report_1.html
[2025-05-14 09:36:38,394] multiqc                                            [INFO   ]  MultiQC complete
